#
# There is insufficient memory for the Java Runtime Environment to continue.
# Native memory allocation (malloc) failed to allocate 1020736 bytes for Chunk::new
# Possible reasons:
#   The system is out of physical RAM or swap space
#   The process is running with CompressedOops enabled, and the Java Heap may be blocking the growth of the native heap
# Possible solutions:
#   Reduce memory load on the system
#   Increase physical memory or swap space
#   Check if swap backing store is full
#   Decrease Java heap size (-Xmx/-Xms)
#   Decrease number of Java threads
#   Decrease Java thread stack sizes (-Xss)
#   Set larger code cache with -XX:ReservedCodeCacheSize=
#   JVM is running with Unscaled Compressed Oops mode in which the Java heap is
#     placed in the first 4GB address space. The Java Heap base address is the
#     maximum limit for the native heap growth. Please use -XX:HeapBaseMinAddress
#     to set the Java Heap base and to place the Java Heap above 4GB virtual address.
# This output file may be truncated or incomplete.
#
#  Out of Memory Error (./open/src/hotspot/share/memory/arena.cpp:195), pid=72576, tid=71856
#
# JRE version: OpenJDK Runtime Environment (15.0.1+9) (build 15.0.1+9-18)
# Java VM: OpenJDK 64-Bit Server VM (15.0.1+9-18, mixed mode, tiered, compressed oops, g1 gc, windows-amd64)
# No core dump will be written. Minidumps are not enabled by default on client versions of Windows
#

---------------  S U M M A R Y ------------

Command Line: -Dfile.encoding=Cp1252 -XX:+ShowCodeDetailsInExceptionMessages com.onlineadmissionsystem.oas.OasApplication

Host: Intel(R) Core(TM) i5-7360U CPU @ 2.30GHz, 4 cores, 7G,  Windows 10 , 64 bit Build 19041 (10.0.19041.804)
Time: Fri Apr  2 13:48:39 2021 India Standard Time elapsed time: 19.963245 seconds (0d 0h 0m 19s)

---------------  T H R E A D  ---------------

Current thread (0x0000027648e34060):  JavaThread "C2 CompilerThread0" daemon [_thread_in_native, id=71856, stack(0x0000007d64b00000,0x0000007d64c00000)]


Current CompileTask:
C2:  19963 4480       4       jdk.internal.org.objectweb.asm.Frame::execute (2305 bytes)

Stack: [0x0000007d64b00000,0x0000007d64c00000]
Native frames: (J=compiled Java code, j=interpreted, Vv=VM code, C=native code)
V  [jvm.dll+0x62ae9a]
V  [jvm.dll+0x781389]
V  [jvm.dll+0x782ae3]
V  [jvm.dll+0x783143]
V  [jvm.dll+0x216265]
V  [jvm.dll+0x97efa]
V  [jvm.dll+0x985dc]
V  [jvm.dll+0x27a1bf]
V  [jvm.dll+0x5408d4]
V  [jvm.dll+0x1f2c14]
V  [jvm.dll+0x1ec4c8]
V  [jvm.dll+0x1e97a7]
V  [jvm.dll+0x1784c7]
V  [jvm.dll+0x1f9165]
V  [jvm.dll+0x1f720c]
V  [jvm.dll+0x74485d]
V  [jvm.dll+0x73d65a]
V  [jvm.dll+0x629c56]
C  [ucrtbase.dll+0x21bb2]
C  [KERNEL32.DLL+0x17034]
C  [ntdll.dll+0x52651]


---------------  P R O C E S S  ---------------

Threads class SMR info:
_java_thread_list=0x000002764c716600, length=19, elements={
0x000002762ebe5a00, 0x00000276485e5030, 0x00000276485e8070, 0x0000027648e2e220,
0x0000027648e30af0, 0x0000027648e313b0, 0x0000027648e34060, 0x00000276485ed3e0,
0x00000276485ee090, 0x0000027648fb4260, 0x0000027648fbd370, 0x0000027649f371e0,
0x0000027649f753f0, 0x000002764a0c03b0, 0x000002764a0c0880, 0x000002764a0bf070,
0x0000027649a76530, 0x0000027649a709c0, 0x0000027649a76ed0
}

Java Threads: ( => current thread )
  0x000002762ebe5a00 JavaThread "main" [_thread_blocked, id=70692, stack(0x0000007d63f00000,0x0000007d64000000)]
  0x00000276485e5030 JavaThread "Reference Handler" daemon [_thread_blocked, id=71440, stack(0x0000007d64600000,0x0000007d64700000)]
  0x00000276485e8070 JavaThread "Finalizer" daemon [_thread_blocked, id=71968, stack(0x0000007d64700000,0x0000007d64800000)]
  0x0000027648e2e220 JavaThread "Signal Dispatcher" daemon [_thread_blocked, id=71136, stack(0x0000007d64800000,0x0000007d64900000)]
  0x0000027648e30af0 JavaThread "Attach Listener" daemon [_thread_blocked, id=72056, stack(0x0000007d64900000,0x0000007d64a00000)]
  0x0000027648e313b0 JavaThread "Service Thread" daemon [_thread_blocked, id=72444, stack(0x0000007d64a00000,0x0000007d64b00000)]
=>0x0000027648e34060 JavaThread "C2 CompilerThread0" daemon [_thread_in_native, id=71856, stack(0x0000007d64b00000,0x0000007d64c00000)]
  0x00000276485ed3e0 JavaThread "C1 CompilerThread0" daemon [_thread_blocked, id=70524, stack(0x0000007d64c00000,0x0000007d64d00000)]
  0x00000276485ee090 JavaThread "Sweeper thread" daemon [_thread_blocked, id=71144, stack(0x0000007d64d00000,0x0000007d64e00000)]
  0x0000027648fb4260 JavaThread "Notification Thread" daemon [_thread_blocked, id=72520, stack(0x0000007d64e00000,0x0000007d64f00000)]
  0x0000027648fbd370 JavaThread "Common-Cleaner" daemon [_thread_blocked, id=2420, stack(0x0000007d65000000,0x0000007d65100000)]
  0x0000027649f371e0 JavaThread "Thread-0" [_thread_blocked, id=48776, stack(0x0000007d65500000,0x0000007d65600000)]
  0x0000027649f753f0 JavaThread "restartedMain" [_thread_in_vm, id=70044, stack(0x0000007d65600000,0x0000007d65700000)]
  0x000002764a0c03b0 JavaThread "Catalina-utility-1" [_thread_blocked, id=70148, stack(0x0000007d65400000,0x0000007d65500000)]
  0x000002764a0c0880 JavaThread "Catalina-utility-2" [_thread_blocked, id=72604, stack(0x0000007d65800000,0x0000007d65900000)]
  0x000002764a0bf070 JavaThread "container-0" [_thread_blocked, id=72292, stack(0x0000007d65900000,0x0000007d65a00000)]
  0x0000027649a76530 JavaThread "PostgreSQL-JDBC-SharedTimer-1" daemon [_thread_blocked, id=64648, stack(0x0000007d65b00000,0x0000007d65c00000)]
  0x0000027649a709c0 JavaThread "HikariPool-1 housekeeper" daemon [_thread_blocked, id=68280, stack(0x0000007d65c00000,0x0000007d65d00000)]
  0x0000027649a76ed0 JavaThread "HikariPool-1 connection adder" daemon [_thread_in_native, id=47720, stack(0x0000007d65d00000,0x0000007d65e00000)]

Other Threads:
  0x00000276485cfa50 VMThread "VM Thread" [stack: 0x0000007d64500000,0x0000007d64600000] [id=71092]
  0x0000027648fbc720 WatcherThread [stack: 0x0000007d64f00000,0x0000007d65000000] [id=71532]
  0x000002762ec26060 GCTaskThread "GC Thread#0" [stack: 0x0000007d64000000,0x0000007d64100000] [id=70764]
  0x000002764941b290 GCTaskThread "GC Thread#1" [stack: 0x0000007d65100000,0x0000007d65200000] [id=71424]
  0x0000027649418f80 GCTaskThread "GC Thread#2" [stack: 0x0000007d65200000,0x0000007d65300000] [id=71928]
  0x000002764941ac30 GCTaskThread "GC Thread#3" [stack: 0x0000007d65700000,0x0000007d65800000] [id=72348]
  0x000002762ec36dc0 ConcurrentGCThread "G1 Main Marker" [stack: 0x0000007d64100000,0x0000007d64200000] [id=70884]
  0x000002762ec37940 ConcurrentGCThread "G1 Conc#0" [stack: 0x0000007d64200000,0x0000007d64300000] [id=71420]
  0x000002762ecac5a0 ConcurrentGCThread "G1 Refine#0" [stack: 0x0000007d64300000,0x0000007d64400000] [id=69952]
  0x000002764975b610 ConcurrentGCThread "G1 Refine#1" [stack: 0x0000007d65300000,0x0000007d65400000] [id=69556]
  0x000002762ecae0c0 ConcurrentGCThread "G1 Young RemSet Sampling" [stack: 0x0000007d64400000,0x0000007d64500000] [id=70984]

Threads with active compile tasks:
C2 CompilerThread0    20002 4480       4       jdk.internal.org.objectweb.asm.Frame::execute (2305 bytes)

VM state: not at safepoint (normal execution)

VM Mutex/Monitor currently owned by a thread: None

Heap address: 0x0000000082000000, size: 2016 MB, Compressed Oops mode: 32-bit
CDS disabled.
Compressed class space mapped at: 0x0000000100000000-0x0000000140000000, size: 1073741824
Narrow klass base: 0x0000000000000000, Narrow klass shift: 3, Narrow klass range: 0x140000000

GC Precious Log:
 CPUs: 4 total, 4 available
 Memory: 8057M
 Large Page Support: Disabled
 NUMA Support: Disabled
 Compressed Oops: Enabled (32-bit)
 Heap Region Size: 1M
 Heap Min Capacity: 8M
 Heap Initial Capacity: 126M
 Heap Max Capacity: 2016M
 Pre-touch: Disabled
 Parallel Workers: 4
 Concurrent Workers: 1
 Concurrent Refinement Workers: 4
 Periodic GC: Disabled

Heap:
 garbage-first heap   total 65536K, used 30044K [0x0000000082000000, 0x0000000100000000)
  region size 1024K, 15 young (15360K), 4 survivors (4096K)
 Metaspace       used 49252K, capacity 49697K, committed 49840K, reserved 1093632K
  class space    used 5955K, capacity 6079K, committed 6144K, reserved 1048576K

Heap Regions: E=young(eden), S=young(survivor), O=old, HS=humongous(starts), HC=humongous(continues), CS=collection set, F=free, OA=open archive, CA=closed archive, TAMS=top-at-mark-start (previous, next)
|   0|0x0000000082000000, 0x0000000082100000, 0x0000000082100000|100%|HS|  |TAMS 0x0000000082100000, 0x0000000082000000| Complete 
|   1|0x0000000082100000, 0x0000000082200000, 0x0000000082200000|100%| O|  |TAMS 0x0000000082200000, 0x0000000082100000| Untracked 
|   2|0x0000000082200000, 0x0000000082300000, 0x0000000082300000|100%| O|  |TAMS 0x0000000082300000, 0x0000000082200000| Untracked 
|   3|0x0000000082300000, 0x0000000082400000, 0x0000000082400000|100%| O|  |TAMS 0x0000000082400000, 0x0000000082300000| Untracked 
|   4|0x0000000082400000, 0x0000000082500000, 0x0000000082500000|100%| O|  |TAMS 0x0000000082500000, 0x0000000082400000| Untracked 
|   5|0x0000000082500000, 0x0000000082600000, 0x0000000082600000|100%| O|  |TAMS 0x0000000082600000, 0x0000000082500000| Untracked 
|   6|0x0000000082600000, 0x0000000082660a00, 0x0000000082700000| 37%| O|  |TAMS 0x0000000082660a00, 0x0000000082600000| Untracked 
|   7|0x0000000082700000, 0x0000000082800000, 0x0000000082800000|100%| O|  |TAMS 0x0000000082800000, 0x0000000082700000| Untracked 
|   8|0x0000000082800000, 0x0000000082900000, 0x0000000082900000|100%| O|  |TAMS 0x0000000082900000, 0x0000000082800000| Untracked 
|   9|0x0000000082900000, 0x0000000082a00000, 0x0000000082a00000|100%| O|  |TAMS 0x0000000082a00000, 0x0000000082900000| Untracked 
|  10|0x0000000082a00000, 0x0000000082b00000, 0x0000000082b00000|100%| O|  |TAMS 0x0000000082b00000, 0x0000000082a00000| Untracked 
|  11|0x0000000082b00000, 0x0000000082c00000, 0x0000000082c00000|100%| O|  |TAMS 0x0000000082c00000, 0x0000000082b00000| Untracked 
|  12|0x0000000082c00000, 0x0000000082d00000, 0x0000000082d00000|100%| O|  |TAMS 0x0000000082d00000, 0x0000000082c00000| Untracked 
|  13|0x0000000082d00000, 0x0000000082e00000, 0x0000000082e00000|100%| O|  |TAMS 0x0000000082d16600, 0x0000000082d00000| Untracked 
|  14|0x0000000082e00000, 0x0000000082e1d600, 0x0000000082f00000| 11%| O|  |TAMS 0x0000000082e00000, 0x0000000082e00000| Untracked 
|  15|0x0000000082f00000, 0x0000000083000000, 0x0000000083000000|100%| O|  |TAMS 0x0000000082f00000, 0x0000000082f00000| Untracked 
|  16|0x0000000083000000, 0x0000000083100000, 0x0000000083100000|100%| O|  |TAMS 0x0000000083000000, 0x0000000083000000| Untracked 
|  17|0x0000000083100000, 0x0000000083157e00, 0x0000000083200000| 34%| O|  |TAMS 0x0000000083100000, 0x0000000083100000| Untracked 
|  18|0x0000000083200000, 0x0000000083200000, 0x0000000083300000|  0%| F|  |TAMS 0x0000000083200000, 0x0000000083200000| Untracked 
|  19|0x0000000083300000, 0x0000000083300000, 0x0000000083400000|  0%| F|  |TAMS 0x0000000083300000, 0x0000000083300000| Untracked 
|  20|0x0000000083400000, 0x0000000083400000, 0x0000000083500000|  0%| F|  |TAMS 0x0000000083400000, 0x0000000083400000| Untracked 
|  21|0x0000000083500000, 0x0000000083500000, 0x0000000083600000|  0%| F|  |TAMS 0x0000000083500000, 0x0000000083500000| Untracked 
|  22|0x0000000083600000, 0x0000000083600000, 0x0000000083700000|  0%| F|  |TAMS 0x0000000083600000, 0x0000000083600000| Untracked 
|  23|0x0000000083700000, 0x0000000083700000, 0x0000000083800000|  0%| F|  |TAMS 0x0000000083700000, 0x0000000083700000| Untracked 
|  24|0x0000000083800000, 0x0000000083800000, 0x0000000083900000|  0%| F|  |TAMS 0x0000000083800000, 0x0000000083800000| Untracked 
|  25|0x0000000083900000, 0x0000000083981308, 0x0000000083a00000| 50%| S|CS|TAMS 0x0000000083900000, 0x0000000083900000| Complete 
|  26|0x0000000083a00000, 0x0000000083b00000, 0x0000000083b00000|100%| S|CS|TAMS 0x0000000083a00000, 0x0000000083a00000| Complete 
|  27|0x0000000083b00000, 0x0000000083c00000, 0x0000000083c00000|100%| S|CS|TAMS 0x0000000083b00000, 0x0000000083b00000| Complete 
|  28|0x0000000083c00000, 0x0000000083d00000, 0x0000000083d00000|100%| S|CS|TAMS 0x0000000083c00000, 0x0000000083c00000| Complete 
|  29|0x0000000083d00000, 0x0000000083d00000, 0x0000000083e00000|  0%| F|  |TAMS 0x0000000083d00000, 0x0000000083d00000| Untracked 
|  30|0x0000000083e00000, 0x0000000083e00000, 0x0000000083f00000|  0%| F|  |TAMS 0x0000000083e00000, 0x0000000083e00000| Untracked 
|  31|0x0000000083f00000, 0x0000000083f00000, 0x0000000084000000|  0%| F|  |TAMS 0x0000000083f00000, 0x0000000083f00000| Untracked 
|  32|0x0000000084000000, 0x0000000084000000, 0x0000000084100000|  0%| F|  |TAMS 0x0000000084000000, 0x0000000084000000| Untracked 
|  33|0x0000000084100000, 0x0000000084100000, 0x0000000084200000|  0%| F|  |TAMS 0x0000000084100000, 0x0000000084100000| Untracked 
|  34|0x0000000084200000, 0x0000000084200000, 0x0000000084300000|  0%| F|  |TAMS 0x0000000084200000, 0x0000000084200000| Untracked 
|  35|0x0000000084300000, 0x0000000084300000, 0x0000000084400000|  0%| F|  |TAMS 0x0000000084300000, 0x0000000084300000| Untracked 
|  36|0x0000000084400000, 0x0000000084400000, 0x0000000084500000|  0%| F|  |TAMS 0x0000000084400000, 0x0000000084400000| Untracked 
|  37|0x0000000084500000, 0x0000000084500000, 0x0000000084600000|  0%| F|  |TAMS 0x0000000084500000, 0x0000000084500000| Untracked 
|  38|0x0000000084600000, 0x0000000084600000, 0x0000000084700000|  0%| F|  |TAMS 0x0000000084600000, 0x0000000084600000| Untracked 
|  39|0x0000000084700000, 0x0000000084700000, 0x0000000084800000|  0%| F|  |TAMS 0x0000000084700000, 0x0000000084700000| Untracked 
|  40|0x0000000084800000, 0x0000000084800000, 0x0000000084900000|  0%| F|  |TAMS 0x0000000084800000, 0x0000000084800000| Untracked 
|  41|0x0000000084900000, 0x0000000084900000, 0x0000000084a00000|  0%| F|  |TAMS 0x0000000084900000, 0x0000000084900000| Untracked 
|  42|0x0000000084a00000, 0x0000000084a00000, 0x0000000084b00000|  0%| F|  |TAMS 0x0000000084a00000, 0x0000000084a00000| Untracked 
|  43|0x0000000084b00000, 0x0000000084b00000, 0x0000000084c00000|  0%| F|  |TAMS 0x0000000084b00000, 0x0000000084b00000| Untracked 
|  44|0x0000000084c00000, 0x0000000084c00000, 0x0000000084d00000|  0%| F|  |TAMS 0x0000000084c00000, 0x0000000084c00000| Untracked 
|  45|0x0000000084d00000, 0x0000000084d00000, 0x0000000084e00000|  0%| F|  |TAMS 0x0000000084d00000, 0x0000000084d00000| Untracked 
|  46|0x0000000084e00000, 0x0000000084e00000, 0x0000000084f00000|  0%| F|  |TAMS 0x0000000084e00000, 0x0000000084e00000| Untracked 
|  47|0x0000000084f00000, 0x0000000084f00000, 0x0000000085000000|  0%| F|  |TAMS 0x0000000084f00000, 0x0000000084f00000| Untracked 
|  48|0x0000000085000000, 0x0000000085000000, 0x0000000085100000|  0%| F|  |TAMS 0x0000000085000000, 0x0000000085000000| Untracked 
|  49|0x0000000085100000, 0x0000000085100000, 0x0000000085200000|  0%| F|  |TAMS 0x0000000085100000, 0x0000000085100000| Untracked 
|  50|0x0000000085200000, 0x0000000085200000, 0x0000000085300000|  0%| F|  |TAMS 0x0000000085200000, 0x0000000085200000| Untracked 
|  51|0x0000000085300000, 0x0000000085300000, 0x0000000085400000|  0%| F|  |TAMS 0x0000000085300000, 0x0000000085300000| Untracked 
|  52|0x0000000085400000, 0x0000000085400000, 0x0000000085500000|  0%| F|  |TAMS 0x0000000085400000, 0x0000000085400000| Untracked 
|  53|0x0000000085500000, 0x0000000085600000, 0x0000000085600000|100%| E|  |TAMS 0x0000000085500000, 0x0000000085500000| Complete 
|  54|0x0000000085600000, 0x0000000085700000, 0x0000000085700000|100%| E|CS|TAMS 0x0000000085600000, 0x0000000085600000| Complete 
|  55|0x0000000085700000, 0x0000000085800000, 0x0000000085800000|100%| E|CS|TAMS 0x0000000085700000, 0x0000000085700000| Complete 
|  56|0x0000000085800000, 0x0000000085900000, 0x0000000085900000|100%| E|CS|TAMS 0x0000000085800000, 0x0000000085800000| Complete 
|  57|0x0000000085900000, 0x0000000085a00000, 0x0000000085a00000|100%| E|CS|TAMS 0x0000000085900000, 0x0000000085900000| Complete 
|  58|0x0000000085a00000, 0x0000000085b00000, 0x0000000085b00000|100%| E|CS|TAMS 0x0000000085a00000, 0x0000000085a00000| Complete 
|  59|0x0000000085b00000, 0x0000000085c00000, 0x0000000085c00000|100%| E|CS|TAMS 0x0000000085b00000, 0x0000000085b00000| Complete 
|  81|0x0000000087100000, 0x0000000087200000, 0x0000000087200000|100%| E|CS|TAMS 0x0000000087100000, 0x0000000087100000| Complete 
|  82|0x0000000087200000, 0x0000000087300000, 0x0000000087300000|100%| E|CS|TAMS 0x0000000087200000, 0x0000000087200000| Complete 
|  83|0x0000000087300000, 0x0000000087400000, 0x0000000087400000|100%| E|CS|TAMS 0x0000000087300000, 0x0000000087300000| Complete 
| 125|0x0000000089d00000, 0x0000000089e00000, 0x0000000089e00000|100%| E|CS|TAMS 0x0000000089d00000, 0x0000000089d00000| Complete 

Card table byte_map: [0x00000276419e0000,0x0000027641dd0000] _byte_map_base: 0x00000276415d0000

Marking Bits (Prev, Next): (CMBitMap*) 0x000002762ec26760, (CMBitMap*) 0x000002762ec267a0
 Prev Bits: [0x00000276421c0000, 0x0000027644140000)
 Next Bits: [0x0000027644140000, 0x00000276460c0000)

Polling page: 0x000002762c9c0000

Metaspace:

Usage:
  Non-class:     42.60 MB capacity,    42.28 MB (>99%) used,   260.47 KB ( <1%) free+waste,    60.06 KB ( <1%) overhead. 
      Class:      5.94 MB capacity,     5.82 MB ( 98%) used,   102.19 KB (  2%) free+waste,    21.75 KB ( <1%) overhead. 
       Both:     48.53 MB capacity,    48.10 MB (>99%) used,   362.66 KB ( <1%) free+waste,    81.81 KB ( <1%) overhead. 

Virtual space:
  Non-class space:       44.00 MB reserved,      42.67 MB ( 97%) committed 
      Class space:        1.00 GB reserved,       6.00 MB ( <1%) committed 
             Both:        1.04 GB reserved,      48.67 MB (  5%) committed 

Chunk freelists:
   Non-Class:  14.00 KB
       Class:  1.00 KB
        Both:  15.00 KB

MaxMetaspaceSize: 17179869184.00 GB
CompressedClassSpaceSize: 1.00 GB

CodeHeap 'non-profiled nmethods': size=120000Kb used=2129Kb max_used=2748Kb free=117870Kb
 bounds [0x000002763a0c0000, 0x000002763a370000, 0x00000276415f0000]
CodeHeap 'profiled nmethods': size=120000Kb used=7579Kb max_used=9592Kb free=112420Kb
 bounds [0x0000027632b90000, 0x00000276334f0000, 0x000002763a0c0000]
CodeHeap 'non-nmethods': size=5760Kb used=1231Kb max_used=1310Kb free=4528Kb
 bounds [0x00000276325f0000, 0x0000027632860000, 0x0000027632b90000]
 total_blobs=4253 nmethods=3748 adapters=415
 compilation: enabled
              stopped_count=0, restarted_count=0
 full_count=0

Compilation events (20 events):
Event: 19.887 Thread 0x00000276485ed3e0 4477   !   3       com.zaxxer.hikari.pool.HikariProxyResultSet::next (17 bytes)
Event: 19.887 Thread 0x00000276485ed3e0 nmethod 4477 0x0000027632ec4810 code [0x0000027632ec49c0, 0x0000027632ec4c58]
Event: 19.887 Thread 0x00000276485ed3e0 4478       3       org.hibernate.engine.jdbc.spi.TypeInfo::interpretCreateParams (22 bytes)
Event: 19.888 Thread 0x00000276485ed3e0 nmethod 4478 0x0000027632f22f10 code [0x0000027632f230e0, 0x0000027632f233e8]
Event: 19.888 Thread 0x00000276485ed3e0 4465       3       org.postgresql.jdbc.TypeInfoCache::requiresQuotingSqlType (80 bytes)
Event: 19.888 Thread 0x00000276485ed3e0 nmethod 4465 0x0000027632e11890 code [0x0000027632e11a20, 0x0000027632e11cd8]
Event: 19.888 Thread 0x00000276485ed3e0 4466       3       org.postgresql.jdbc.TypeInfoCache::isCaseSensitive (148 bytes)
Event: 19.888 Thread 0x00000276485ed3e0 nmethod 4466 0x000002763331fa90 code [0x000002763331fc60, 0x0000027633320398]
Event: 19.888 Thread 0x00000276485ed3e0 4467       3       org.postgresql.jdbc.TypeInfoCache::isSigned (68 bytes)
Event: 19.889 Thread 0x00000276485ed3e0 nmethod 4467 0x0000027632cfab90 code [0x0000027632cfad60, 0x0000027632cfb338]
Event: 19.893 Thread 0x00000276485ed3e0 4479       3       jdk.internal.org.objectweb.asm.Frame::getAbstractTypeFromDescriptor (415 bytes)
Event: 19.895 Thread 0x00000276485ed3e0 nmethod 4479 0x0000027632d69690 code [0x0000027632d69a20, 0x0000027632d6b4b8]
Event: 19.896 Thread 0x0000027648e34060 nmethod 4460 0x000002763a0c9510 code [0x000002763a0c96c0, 0x000002763a0ca018]
Event: 19.896 Thread 0x0000027648e34060 4480       4       jdk.internal.org.objectweb.asm.Frame::execute (2305 bytes)
Event: 19.900 Thread 0x00000276485ed3e0 4481       3       java.lang.PublicMethods$Key::equals (52 bytes)
Event: 19.901 Thread 0x00000276485ed3e0 nmethod 4481 0x0000027632f31590 code [0x0000027632f31760, 0x0000027632f31ba8]
Event: 19.903 Thread 0x00000276485ed3e0 4482       3       java.lang.Module::canRead (86 bytes)
Event: 19.904 Thread 0x00000276485ed3e0 nmethod 4482 0x0000027632ca5590 code [0x0000027632ca5920, 0x0000027632ca7328]
Event: 19.906 Thread 0x00000276485ed3e0 4483       3       java.util.List::of (4 bytes)
Event: 19.906 Thread 0x00000276485ed3e0 nmethod 4483 0x0000027632d63590 code [0x0000027632d63720, 0x0000027632d63818]

GC Heap History (20 events):
Event: 7.833 GC heap before
{Heap before GC invocations=7 (full 0):
 garbage-first heap   total 43008K, used 29017K [0x0000000082000000, 0x0000000100000000)
  region size 1024K, 21 young (21504K), 3 survivors (3072K)
 Metaspace       used 28270K, capacity 28653K, committed 28976K, reserved 1075200K
  class space    used 3196K, capacity 3332K, committed 3456K, reserved 1048576K
}
Event: 7.836 GC heap after
{Heap after GC invocations=8 (full 0):
 garbage-first heap   total 43008K, used 12243K [0x0000000082000000, 0x0000000100000000)
  region size 1024K, 2 young (2048K), 2 survivors (2048K)
 Metaspace       used 28270K, capacity 28653K, committed 28976K, reserved 1075200K
  class space    used 3196K, capacity 3332K, committed 3456K, reserved 1048576K
}
Event: 7.839 GC heap before
{Heap before GC invocations=8 (full 0):
 garbage-first heap   total 43008K, used 29651K [0x0000000082000000, 0x0000000100000000)
  region size 1024K, 20 young (20480K), 2 survivors (2048K)
 Metaspace       used 28271K, capacity 28653K, committed 28976K, reserved 1075200K
  class space    used 3196K, capacity 3332K, committed 3456K, reserved 1048576K
}
Event: 7.840 GC heap after
{Heap after GC invocations=9 (full 0):
 garbage-first heap   total 43008K, used 12158K [0x0000000082000000, 0x0000000100000000)
  region size 1024K, 2 young (2048K), 2 survivors (2048K)
 Metaspace       used 28271K, capacity 28653K, committed 28976K, reserved 1075200K
  class space    used 3196K, capacity 3332K, committed 3456K, reserved 1048576K
}
Event: 8.214 GC heap before
{Heap before GC invocations=9 (full 0):
 garbage-first heap   total 43008K, used 30590K [0x0000000082000000, 0x0000000100000000)
  region size 1024K, 21 young (21504K), 2 survivors (2048K)
 Metaspace       used 29513K, capacity 29874K, committed 30128K, reserved 1075200K
  class space    used 3339K, capacity 3463K, committed 3584K, reserved 1048576K
}
Event: 8.218 GC heap after
{Heap after GC invocations=10 (full 0):
 garbage-first heap   total 43008K, used 13107K [0x0000000082000000, 0x0000000100000000)
  region size 1024K, 3 young (3072K), 3 survivors (3072K)
 Metaspace       used 29513K, capacity 29874K, committed 30128K, reserved 1075200K
  class space    used 3339K, capacity 3463K, committed 3584K, reserved 1048576K
}
Event: 8.945 GC heap before
{Heap before GC invocations=10 (full 0):
 garbage-first heap   total 43008K, used 31539K [0x0000000082000000, 0x0000000100000000)
  region size 1024K, 21 young (21504K), 3 survivors (3072K)
 Metaspace       used 30850K, capacity 31248K, committed 31536K, reserved 1077248K
  class space    used 3494K, capacity 3636K, committed 3712K, reserved 1048576K
}
Event: 8.948 GC heap after
{Heap after GC invocations=11 (full 0):
 garbage-first heap   total 43008K, used 13898K [0x0000000082000000, 0x0000000100000000)
  region size 1024K, 2 young (2048K), 2 survivors (2048K)
 Metaspace       used 30850K, capacity 31248K, committed 31536K, reserved 1077248K
  class space    used 3494K, capacity 3636K, committed 3712K, reserved 1048576K
}
Event: 10.607 GC heap before
{Heap before GC invocations=11 (full 0):
 garbage-first heap   total 43008K, used 31306K [0x0000000082000000, 0x0000000100000000)
  region size 1024K, 20 young (20480K), 2 survivors (2048K)
 Metaspace       used 33139K, capacity 33567K, committed 33840K, reserved 1079296K
  class space    used 3810K, capacity 3936K, committed 3968K, reserved 1048576K
}
Event: 10.610 GC heap after
{Heap after GC invocations=12 (full 0):
 garbage-first heap   total 43008K, used 15164K [0x0000000082000000, 0x0000000100000000)
  region size 1024K, 3 young (3072K), 3 survivors (3072K)
 Metaspace       used 33139K, capacity 33567K, committed 33840K, reserved 1079296K
  class space    used 3810K, capacity 3936K, committed 3968K, reserved 1048576K
}
Event: 11.842 GC heap before
{Heap before GC invocations=12 (full 0):
 garbage-first heap   total 43008K, used 26428K [0x0000000082000000, 0x0000000100000000)
  region size 1024K, 16 young (16384K), 3 survivors (3072K)
 Metaspace       used 35361K, capacity 35751K, committed 35888K, reserved 1081344K
  class space    used 4094K, capacity 4206K, committed 4224K, reserved 1048576K
}
Event: 11.847 GC heap after
{Heap after GC invocations=13 (full 0):
 garbage-first heap   total 65536K, used 16390K [0x0000000082000000, 0x0000000100000000)
  region size 1024K, 3 young (3072K), 3 survivors (3072K)
 Metaspace       used 35361K, capacity 35751K, committed 35888K, reserved 1081344K
  class space    used 4094K, capacity 4206K, committed 4224K, reserved 1048576K
}
Event: 13.391 GC heap before
{Heap before GC invocations=14 (full 0):
 garbage-first heap   total 65536K, used 49158K [0x0000000082000000, 0x0000000100000000)
  region size 1024K, 36 young (36864K), 3 survivors (3072K)
 Metaspace       used 38740K, capacity 39145K, committed 39472K, reserved 1083392K
  class space    used 4519K, capacity 4633K, committed 4736K, reserved 1048576K
}
Event: 13.395 GC heap after
{Heap after GC invocations=15 (full 0):
 garbage-first heap   total 65536K, used 18143K [0x0000000082000000, 0x0000000100000000)
  region size 1024K, 5 young (5120K), 5 survivors (5120K)
 Metaspace       used 38740K, capacity 39145K, committed 39472K, reserved 1083392K
  class space    used 4519K, capacity 4633K, committed 4736K, reserved 1048576K
}
Event: 13.525 GC heap before
{Heap before GC invocations=15 (full 0):
 garbage-first heap   total 65536K, used 48863K [0x0000000082000000, 0x0000000100000000)
  region size 1024K, 36 young (36864K), 5 survivors (5120K)
 Metaspace       used 39312K, capacity 39721K, committed 39984K, reserved 1085440K
  class space    used 4572K, capacity 4697K, committed 4736K, reserved 1048576K
}
Event: 13.529 GC heap after
{Heap after GC invocations=16 (full 0):
 garbage-first heap   total 65536K, used 18445K [0x0000000082000000, 0x0000000100000000)
  region size 1024K, 3 young (3072K), 3 survivors (3072K)
 Metaspace       used 39312K, capacity 39721K, committed 39984K, reserved 1085440K
  class space    used 4572K, capacity 4697K, committed 4736K, reserved 1048576K
}
Event: 13.553 GC heap before
{Heap before GC invocations=16 (full 0):
 garbage-first heap   total 65536K, used 49165K [0x0000000082000000, 0x0000000100000000)
  region size 1024K, 34 young (34816K), 3 survivors (3072K)
 Metaspace       used 39314K, capacity 39721K, committed 39984K, reserved 1085440K
  class space    used 4572K, capacity 4697K, committed 4736K, reserved 1048576K
}
Event: 13.556 GC heap after
{Heap after GC invocations=17 (full 0):
 garbage-first heap   total 65536K, used 18263K [0x0000000082000000, 0x0000000100000000)
  region size 1024K, 2 young (2048K), 2 survivors (2048K)
 Metaspace       used 39314K, capacity 39721K, committed 39984K, reserved 1085440K
  class space    used 4572K, capacity 4697K, committed 4736K, reserved 1048576K
}
Event: 17.256 GC heap before
{Heap before GC invocations=17 (full 0):
 garbage-first heap   total 65536K, used 52055K [0x0000000082000000, 0x0000000100000000)
  region size 1024K, 35 young (35840K), 2 survivors (2048K)
 Metaspace       used 46148K, capacity 46616K, committed 46640K, reserved 1089536K
  class space    used 5597K, capacity 5757K, committed 5760K, reserved 1048576K
}
Event: 17.260 GC heap after
{Heap after GC invocations=18 (full 0):
 garbage-first heap   total 65536K, used 19804K [0x0000000082000000, 0x0000000100000000)
  region size 1024K, 4 young (4096K), 4 survivors (4096K)
 Metaspace       used 46148K, capacity 46616K, committed 46640K, reserved 1089536K
  class space    used 5597K, capacity 5757K, committed 5760K, reserved 1048576K
}

Deoptimization events (20 events):
Event: 18.104 Thread 0x0000027649f753f0 DEOPT PACKING pc=0x000002763a125880 sp=0x0000007d656fc1d0
Event: 18.104 Thread 0x0000027649f753f0 DEOPT UNPACKING pc=0x000002763263e42f sp=0x0000007d656fc140 mode 2
Event: 19.571 Thread 0x0000027649a76ed0 Uncommon trap: trap_request=0xffffff45 fr.pc=0x000002763a3595d8 relative=0x0000000000000518
Event: 19.571 Thread 0x0000027649a76ed0 Uncommon trap: reason=unstable_if action=reinterpret pc=0x000002763a3595d8 method=sun.security.provider.SHA2.implDigest([BI)V @ 21 c2
Event: 19.571 Thread 0x0000027649a76ed0 DEOPT PACKING pc=0x000002763a3595d8 sp=0x0000007d65dfd9f0
Event: 19.571 Thread 0x0000027649a76ed0 DEOPT UNPACKING pc=0x000002763263e42f sp=0x0000007d65dfd918 mode 2
Event: 19.572 Thread 0x0000027649a76ed0 Uncommon trap: trap_request=0xffffff45 fr.pc=0x000002763a35a110 relative=0x00000000000003d0
Event: 19.572 Thread 0x0000027649a76ed0 Uncommon trap: reason=unstable_if action=reinterpret pc=0x000002763a35a110 method=sun.security.provider.SHA2.implDigest([BI)V @ 21 c2
Event: 19.572 Thread 0x0000027649a76ed0 DEOPT PACKING pc=0x000002763a35a110 sp=0x0000007d65dfdaf0
Event: 19.572 Thread 0x0000027649a76ed0 DEOPT UNPACKING pc=0x000002763263e42f sp=0x0000007d65dfdaa8 mode 2
Event: 19.575 Thread 0x0000027649a76ed0 DEOPT PACKING pc=0x00000276334cd96b sp=0x0000007d65dfdda0
Event: 19.575 Thread 0x0000027649a76ed0 DEOPT UNPACKING pc=0x000002763263e23f sp=0x0000007d65dfd278 mode 0
Event: 19.582 Thread 0x0000027649a76ed0 Uncommon trap: trap_request=0xffffff45 fr.pc=0x000002763a355ae8 relative=0x0000000000001728
Event: 19.582 Thread 0x0000027649a76ed0 Uncommon trap: reason=unstable_if action=reinterpret pc=0x000002763a355ae8 method=com.sun.crypto.provider.PBKDF2KeyImpl.deriveKey(Ljavax/crypto/Mac;[B[BII)[B @ 172 c2
Event: 19.583 Thread 0x0000027649a76ed0 DEOPT PACKING pc=0x000002763a355ae8 sp=0x0000007d65dfdd90
Event: 19.583 Thread 0x0000027649a76ed0 DEOPT UNPACKING pc=0x000002763263e42f sp=0x0000007d65dfdd78 mode 2
Event: 19.893 Thread 0x0000027649f753f0 Uncommon trap: trap_request=0xffffff45 fr.pc=0x000002763a3317c0 relative=0x0000000000001ac0
Event: 19.893 Thread 0x0000027649f753f0 Uncommon trap: reason=unstable_if action=reinterpret pc=0x000002763a3317c0 method=jdk.internal.org.objectweb.asm.Frame.getAbstractTypeFromDescriptor(Ljdk/internal/org/objectweb/asm/SymbolTable;Ljava/lang/String;I)I @ 189 c2
Event: 19.893 Thread 0x0000027649f753f0 DEOPT PACKING pc=0x000002763a3317c0 sp=0x0000007d656fb5e0
Event: 19.893 Thread 0x0000027649f753f0 DEOPT UNPACKING pc=0x000002763263e42f sp=0x0000007d656fb5a0 mode 2

Classes unloaded (0 events):
No events

Classes redefined (0 events):
No events

Internal exceptions (20 events):
Event: 11.613 Thread 0x0000027649f753f0 Exception <a 'java/lang/ClassNotFoundException'{0x0000000083fba500}: java/lang/ObjectCustomizer> (0x0000000083fba500) 
thrown [./open/src/hotspot/share/classfile/systemDictionary.cpp, line 295]
Event: 11.615 Thread 0x0000027649f753f0 Exception <a 'java/lang/ClassNotFoundException'{0x0000000083fc2750}: org/springframework/transaction/annotation/AbstractTransactionManagementConfigurationCustomizer> (0x0000000083fc2750) 
thrown [./open/src/hotspot/share/classfile/systemDictionary.cpp, line 295]
Event: 11.616 Thread 0x0000027649f753f0 Exception <a 'java/lang/ClassNotFoundException'{0x0000000083fc9a08}: org/springframework/transaction/annotation/ProxyTransactionManagementConfigurationCustomizer> (0x0000000083fc9a08) 
thrown [./open/src/hotspot/share/classfile/systemDictionary.cpp, line 295]
Event: 11.617 Thread 0x0000027649f753f0 Exception <a 'java/lang/ClassNotFoundException'{0x0000000083fd1dc0}: org/springframework/context/annotation/ImportAwareCustomizer> (0x0000000083fd1dc0) 
thrown [./open/src/hotspot/share/classfile/systemDictionary.cpp, line 295]
Event: 11.617 Thread 0x0000027649f753f0 Exception <a 'java/lang/ClassNotFoundException'{0x0000000083fd71d0}: org/springframework/beans/factory/AwareCustomizer> (0x0000000083fd71d0) 
thrown [./open/src/hotspot/share/classfile/systemDictionary.cpp, line 295]
Event: 12.185 Thread 0x0000027649f753f0 Implicit null exception at 0x000002763a27a287 to 0x000002763a27a45c
Event: 12.277 Thread 0x0000027649f753f0 Implicit null exception at 0x000002763a2367e0 to 0x000002763a236a44
Event: 12.342 Thread 0x0000027649f753f0 Exception <a 'java/lang/NoSuchMethodError'{0x0000000085bc2378}: 'void java.lang.invoke.DirectMethodHandle$Holder.invokeInterface(java.lang.Object, java.lang.Object, int)'> (0x0000000085bc2378) 
thrown [./open/src/hotspot/share/interpreter/linkResolver.cpp, line 782]
Event: 12.358 Thread 0x0000027649f753f0 Exception <a 'java/lang/IncompatibleClassChangeError'{0x0000000085a186f8}: Found class java.lang.Object, but interface was expected> (0x0000000085a186f8) 
thrown [./open/src/hotspot/share/interpreter/linkResolver.cpp, line 848]
Event: 12.359 Thread 0x0000027649f753f0 Exception <a 'java/lang/NoSuchMethodError'{0x0000000085a1dde0}: 'void java.lang.invoke.DirectMethodHandle$Holder.invokeStatic(java.lang.Object, int, java.lang.Object)'> (0x0000000085a1dde0) 
thrown [./open/src/hotspot/share/interpreter/linkResolver.cpp, line 782]
Event: 12.366 Thread 0x0000027649f753f0 Exception <a 'java/lang/NoSuchMethodError'{0x0000000085a4e578}: 'int java.lang.invoke.DirectMethodHandle$Holder.invokeSpecial(java.lang.Object, java.lang.Object, int)'> (0x0000000085a4e578) 
thrown [./open/src/hotspot/share/interpreter/linkResolver.cpp, line 782]
Event: 12.617 Thread 0x0000027649f753f0 Exception <a 'java/lang/NoSuchMethodError'{0x0000000085651598}: 'java.lang.Object java.lang.invoke.DirectMethodHandle$Holder.invokeStaticInit(java.lang.Object, int, int, int, int)'> (0x0000000085651598) 
thrown [./open/src/hotspot/share/interpreter/linkResolver.cpp, line 782]
Event: 13.155 Thread 0x0000027649f753f0 Exception <a 'java/lang/NoSuchMethodError'{0x000000008567ca48}: 'java.lang.Object java.lang.invoke.DirectMethodHandle$Holder.invokeStaticInit(java.lang.Object, java.lang.Object, int, int, int, int)'> (0x000000008567ca48) 
thrown [./open/src/hotspot/share/interpreter/linkResolver.cpp, line 782]
Event: 13.511 Thread 0x0000027649f753f0 Implicit null exception at 0x000002763a15e0d7 to 0x000002763a15f344
Event: 13.623 Thread 0x0000027649f753f0 Exception <a 'java/io/FileNotFoundException'{0x0000000087156998}> (0x0000000087156998) 
thrown [./open/src/hotspot/share/prims/jni.cpp, line 578]
Event: 13.719 Thread 0x0000027649f753f0 Exception <a 'java/lang/NoSuchMethodError'{0x0000000085be78c0}: 'int java.lang.invoke.DirectMethodHandle$Holder.invokeInterface(java.lang.Object, java.lang.Object, java.lang.Object, java.lang.Object)'> (0x0000000085be78c0) 
thrown [./open/src/hotspot/share/interpreter/linkResolver.cpp, line 782]
Event: 13.812 Thread 0x0000027649f753f0 Exception <a 'java/io/FileNotFoundException'{0x00000000859e02b8}> (0x00000000859e02b8) 
thrown [./open/src/hotspot/share/prims/jni.cpp, line 578]
Event: 15.929 Thread 0x0000027649f753f0 Implicit null exception at 0x000002763a2df4f5 to 0x000002763a2df9fc
Event: 17.812 Thread 0x0000027649f753f0 Exception <a 'sun/nio/fs/WindowsException'{0x00000000873ceb48}> (0x00000000873ceb48) 
thrown [./open/src/hotspot/share/prims/jni.cpp, line 578]
Event: 19.891 Thread 0x0000027649f753f0 Exception <a 'java/lang/NoSuchMethodError'{0x0000000085763138}: 'java.lang.Object java.lang.invoke.DirectMethodHandle$Holder.invokeStaticInit(java.lang.Object, java.lang.Object, java.lang.Object, java.lang.Object)'> (0x0000000085763138) 
thrown [./open/src/hotspot/share/interpreter/linkResolver.cpp, line 782]

Events (20 events):
Event: 19.587 Thread 0x00000276485ee090 flushing nmethod 0x0000027633411910
Event: 19.587 Thread 0x00000276485ee090 flushing nmethod 0x0000027633418f10
Event: 19.587 Thread 0x00000276485ee090 flushing nmethod 0x0000027633423410
Event: 19.588 Thread 0x00000276485ee090 flushing nmethod 0x0000027633439610
Event: 19.588 Thread 0x00000276485ee090 flushing nmethod 0x000002763344be10
Event: 19.588 Thread 0x00000276485ee090 flushing nmethod 0x000002763344f190
Event: 19.588 Thread 0x00000276485ee090 flushing nmethod 0x000002763345e690
Event: 19.588 Thread 0x00000276485ee090 flushing nmethod 0x00000276334b0910
Event: 19.588 Thread 0x00000276485ee090 flushing nmethod 0x00000276334b2590
Event: 19.588 Thread 0x00000276485ee090 flushing nmethod 0x00000276334b5d90
Event: 19.588 Thread 0x00000276485ee090 flushing nmethod 0x00000276334bd610
Event: 19.588 Thread 0x00000276485ee090 flushing nmethod 0x00000276334bda10
Event: 19.588 Thread 0x00000276485ee090 flushing nmethod 0x00000276334be010
Event: 19.588 Thread 0x00000276485ee090 flushing nmethod 0x00000276334bec10
Event: 19.588 Thread 0x00000276485ee090 flushing nmethod 0x00000276334c0310
Event: 19.588 Thread 0x00000276485ee090 flushing nmethod 0x00000276334c1690
Event: 19.588 Thread 0x00000276485ee090 flushing nmethod 0x00000276334c2c10
Event: 19.588 Thread 0x00000276485ee090 flushing nmethod 0x00000276334ca590
Event: 19.788 loading class java/util/regex/Pattern$1MatcherIterator
Event: 19.788 loading class java/util/regex/Pattern$1MatcherIterator done


Dynamic libraries:
0x00007ff7e1140000 - 0x00007ff7e114d000 	C:\Users\geetha\.p2\pool\plugins\org.eclipse.justj.openjdk.hotspot.jre.full.win32.x86_64_15.0.1.v20201027-0507\jre\bin\javaw.exe
0x00007ffed6bd0000 - 0x00007ffed6dc5000 	C:\WINDOWS\SYSTEM32\ntdll.dll
0x00007ffed6ad0000 - 0x00007ffed6b8d000 	C:\WINDOWS\System32\KERNEL32.DLL
0x00007ffed4670000 - 0x00007ffed4939000 	C:\WINDOWS\System32\KERNELBASE.dll
0x00007ffed43a0000 - 0x00007ffed44a0000 	C:\WINDOWS\System32\ucrtbase.dll
0x00007ffecfc50000 - 0x00007ffecfc68000 	C:\Users\geetha\.p2\pool\plugins\org.eclipse.justj.openjdk.hotspot.jre.full.win32.x86_64_15.0.1.v20201027-0507\jre\bin\jli.dll
0x00007ffed50e0000 - 0x00007ffed5280000 	C:\WINDOWS\System32\USER32.dll
0x00007ffed4310000 - 0x00007ffed4332000 	C:\WINDOWS\System32\win32u.dll
0x00007ffed50b0000 - 0x00007ffed50da000 	C:\WINDOWS\System32\GDI32.dll
0x00007ffed4b20000 - 0x00007ffed4c2b000 	C:\WINDOWS\System32\gdi32full.dll
0x00007ffed4520000 - 0x00007ffed45bd000 	C:\WINDOWS\System32\msvcp_win.dll
0x00007ffecd1a0000 - 0x00007ffecd1b9000 	C:\Users\geetha\.p2\pool\plugins\org.eclipse.justj.openjdk.hotspot.jre.full.win32.x86_64_15.0.1.v20201027-0507\jre\bin\VCRUNTIME140.dll
0x00007ffec2d30000 - 0x00007ffec2fca000 	C:\WINDOWS\WinSxS\amd64_microsoft.windows.common-controls_6595b64144ccf1df_6.0.19041.844_none_ca00b6081b84eb1d\COMCTL32.dll
0x00007ffed5530000 - 0x00007ffed55ce000 	C:\WINDOWS\System32\msvcrt.dll
0x00007ffed6420000 - 0x00007ffed6450000 	C:\WINDOWS\System32\IMM32.DLL
0x00007ffecfcd0000 - 0x00007ffecfcdc000 	C:\Users\geetha\.p2\pool\plugins\org.eclipse.justj.openjdk.hotspot.jre.full.win32.x86_64_15.0.1.v20201027-0507\jre\bin\vcruntime140_1.dll
0x00007ffeb8e30000 - 0x00007ffeb8ec1000 	C:\Users\geetha\.p2\pool\plugins\org.eclipse.justj.openjdk.hotspot.jre.full.win32.x86_64_15.0.1.v20201027-0507\jre\bin\msvcp140.dll
0x00007ffea0160000 - 0x00007ffea0cbe000 	C:\Users\geetha\.p2\pool\plugins\org.eclipse.justj.openjdk.hotspot.jre.full.win32.x86_64_15.0.1.v20201027-0507\jre\bin\server\jvm.dll
0x00007ffed67b0000 - 0x00007ffed685c000 	C:\WINDOWS\System32\ADVAPI32.dll
0x00007ffed60a0000 - 0x00007ffed613c000 	C:\WINDOWS\System32\sechost.dll
0x00007ffed5280000 - 0x00007ffed53ab000 	C:\WINDOWS\System32\RPCRT4.dll
0x00007ffed61f0000 - 0x00007ffed61f8000 	C:\WINDOWS\System32\PSAPI.DLL
0x00007ffebf230000 - 0x00007ffebf239000 	C:\WINDOWS\SYSTEM32\WSOCK32.dll
0x00007ffed63b0000 - 0x00007ffed641b000 	C:\WINDOWS\System32\WS2_32.dll
0x00007ffeb9350000 - 0x00007ffeb9377000 	C:\WINDOWS\SYSTEM32\WINMM.dll
0x00007ffecac40000 - 0x00007ffecac4a000 	C:\WINDOWS\SYSTEM32\VERSION.dll
0x00007ffed2bd0000 - 0x00007ffed2be2000 	C:\WINDOWS\SYSTEM32\kernel.appcore.dll
0x00007ffecfc10000 - 0x00007ffecfc1a000 	C:\Users\geetha\.p2\pool\plugins\org.eclipse.justj.openjdk.hotspot.jre.full.win32.x86_64_15.0.1.v20201027-0507\jre\bin\jimage.dll
0x00007ffebd1c0000 - 0x00007ffebd3a4000 	C:\WINDOWS\SYSTEM32\DBGHELP.DLL
0x00007ffebd130000 - 0x00007ffebd15c000 	C:\WINDOWS\SYSTEM32\dbgcore.DLL
0x00007ffed4aa0000 - 0x00007ffed4b20000 	C:\WINDOWS\System32\bcryptPrimitives.dll
0x00007ffecce40000 - 0x00007ffecce65000 	C:\Users\geetha\.p2\pool\plugins\org.eclipse.justj.openjdk.hotspot.jre.full.win32.x86_64_15.0.1.v20201027-0507\jre\bin\java.dll
0x00007ffeccdf0000 - 0x00007ffecce08000 	C:\Users\geetha\.p2\pool\plugins\org.eclipse.justj.openjdk.hotspot.jre.full.win32.x86_64_15.0.1.v20201027-0507\jre\bin\zip.dll
0x00007ffed5950000 - 0x00007ffed6092000 	C:\WINDOWS\System32\SHELL32.dll
0x00007ffed2430000 - 0x00007ffed2bc0000 	C:\WINDOWS\SYSTEM32\windows.storage.dll
0x00007ffed6450000 - 0x00007ffed67a5000 	C:\WINDOWS\System32\combase.dll
0x00007ffed3cb0000 - 0x00007ffed3cdc000 	C:\WINDOWS\SYSTEM32\Wldp.dll
0x00007ffed6140000 - 0x00007ffed61ee000 	C:\WINDOWS\System32\SHCORE.dll
0x00007ffed5750000 - 0x00007ffed57a5000 	C:\WINDOWS\System32\shlwapi.dll
0x00007ffed4250000 - 0x00007ffed426f000 	C:\WINDOWS\SYSTEM32\profapi.dll
0x00007ffeccdd0000 - 0x00007ffeccde9000 	C:\Users\geetha\.p2\pool\plugins\org.eclipse.justj.openjdk.hotspot.jre.full.win32.x86_64_15.0.1.v20201027-0507\jre\bin\net.dll
0x00007ffec35a0000 - 0x00007ffec36ac000 	C:\WINDOWS\SYSTEM32\WINHTTP.dll
0x00007ffed3a30000 - 0x00007ffed3a9a000 	C:\WINDOWS\system32\mswsock.dll
0x00007ffec3bb0000 - 0x00007ffec3bc2000 	C:\Users\geetha\.p2\pool\plugins\org.eclipse.justj.openjdk.hotspot.jre.full.win32.x86_64_15.0.1.v20201027-0507\jre\bin\nio.dll
0x00007ffecfbd0000 - 0x00007ffecfbe0000 	C:\Users\geetha\.p2\pool\plugins\org.eclipse.justj.openjdk.hotspot.jre.full.win32.x86_64_15.0.1.v20201027-0507\jre\bin\verify.dll
0x00007ffecfd10000 - 0x00007ffecfd19000 	C:\Users\geetha\.p2\pool\plugins\org.eclipse.justj.openjdk.hotspot.jre.full.win32.x86_64_15.0.1.v20201027-0507\jre\bin\management.dll
0x00007ffecf030000 - 0x00007ffecf03b000 	C:\Users\geetha\.p2\pool\plugins\org.eclipse.justj.openjdk.hotspot.jre.full.win32.x86_64_15.0.1.v20201027-0507\jre\bin\management_ext.dll
0x00007ffe91050000 - 0x00007ffe91067000 	C:\WINDOWS\system32\napinsp.dll
0x00007ffe91030000 - 0x00007ffe9104b000 	C:\WINDOWS\system32\pnrpnsp.dll
0x00007ffeb19e0000 - 0x00007ffeb19f5000 	C:\WINDOWS\system32\wshbth.dll
0x00007ffecfbb0000 - 0x00007ffecfbcd000 	C:\WINDOWS\system32\NLAapi.dll
0x00007ffed3720000 - 0x00007ffed375b000 	C:\WINDOWS\SYSTEM32\IPHLPAPI.DLL
0x00007ffed3760000 - 0x00007ffed382b000 	C:\WINDOWS\SYSTEM32\DNSAPI.dll
0x00007ffed4c30000 - 0x00007ffed4c38000 	C:\WINDOWS\System32\NSI.dll
0x00007ffe91010000 - 0x00007ffe91022000 	C:\WINDOWS\System32\winrnr.dll
0x00007ffec3450000 - 0x00007ffec345a000 	C:\Windows\System32\rasadhlp.dll
0x00007ffec3520000 - 0x00007ffec359f000 	C:\WINDOWS\System32\fwpuclnt.dll
0x00007ffed44f0000 - 0x00007ffed4517000 	C:\WINDOWS\System32\bcrypt.dll
0x00007ffed3c00000 - 0x00007ffed3c18000 	C:\WINDOWS\SYSTEM32\CRYPTSP.dll
0x00007ffed33d0000 - 0x00007ffed3404000 	C:\WINDOWS\system32\rsaenh.dll
0x00007ffed4210000 - 0x00007ffed423e000 	C:\WINDOWS\SYSTEM32\USERENV.dll
0x00007ffed3c20000 - 0x00007ffed3c2c000 	C:\WINDOWS\SYSTEM32\CRYPTBASE.dll
0x00007ffecac50000 - 0x00007ffecac67000 	C:\WINDOWS\SYSTEM32\dhcpcsvc6.DLL
0x00007ffecb150000 - 0x00007ffecb16d000 	C:\WINDOWS\SYSTEM32\dhcpcsvc.DLL

dbghelp: loaded successfully - version: 4.0.5 - missing functions: none
symbol engine: initialized successfully - sym options: 0x614 - pdb path: .;C:\Users\geetha\.p2\pool\plugins\org.eclipse.justj.openjdk.hotspot.jre.full.win32.x86_64_15.0.1.v20201027-0507\jre\bin;C:\WINDOWS\SYSTEM32;C:\WINDOWS\WinSxS\amd64_microsoft.windows.common-controls_6595b64144ccf1df_6.0.19041.844_none_ca00b6081b84eb1d;C:\Users\geetha\.p2\pool\plugins\org.eclipse.justj.openjdk.hotspot.jre.full.win32.x86_64_15.0.1.v20201027-0507\jre\bin\server

VM Arguments:
jvm_args: -Dfile.encoding=Cp1252 -XX:+ShowCodeDetailsInExceptionMessages 
java_command: com.onlineadmissionsystem.oas.OasApplication
java_class_path (initial): C:\Users\geetha\OneDrive\Desktop\oas\bin\main;C:\Users\geetha\.gradle\caches\modules-2\files-2.1\io.springfox\springfox-swagger2\2.9.2\362676bc7f4c6f9f1d568741becab0dfc198c898\springfox-swagger2-2.9.2.jar;C:\Users\geetha\.gradle\caches\modules-2\files-2.1\io.springfox\springfox-swagger-ui\2.9.2\d542382a88ff3ea8d4032c28b2b0325797fada7d\springfox-swagger-ui-2.9.2.jar;C:\Users\geetha\.gradle\caches\modules-2\files-2.1\io.springfox\springfox-bean-validators\2.9.2\b3faf1ce16918ffc9c3b9932855dd667ab390b95\springfox-bean-validators-2.9.2.jar;C:\Users\geetha\.gradle\caches\modules-2\files-2.1\org.springframework.boot\spring-boot-starter-data-jpa\2.4.3\356d18d4bb10915f3d13c845fc38b5c068f2e075\spring-boot-starter-data-jpa-2.4.3.jar;C:\Users\geetha\.gradle\caches\modules-2\files-2.1\org.springframework.boot\spring-boot-starter-web\2.4.3\4f5554ea183af87e52d8c31bb82aada0d74c40b0\spring-boot-starter-web-2.4.3.jar;C:\Users\geetha\.gradle\caches\modules-2\files-2.1\org.springframework.boot\spring-boot-starter-json\2.4.3\7b26abb0a0379a00b58a2a50e010b29cf4f16b80\spring-boot-starter-json-2.4.3.jar;C:\Users\geetha\.gradle\caches\modules-2\files-2.1\com.fasterxml.jackson.datatype\jackson-datatype-jdk8\2.11.4\e1540dea3c6c681ea4e335a960f730861ee3bedb\jackson-datatype-jdk8-2.11.4.jar;C:\Users\geetha\.gradle\caches\modules-2\files-2.1\com.fasterxml.jackson.datatype\jackson-datatype-jsr310\2.11.4\ce6fc76bba06623720e5a9308386b6ae74753f4d\jackson-datatype-jsr310-2.11.4.jar;C:\Users\geetha\.gradle\caches\modules-2\files-2.1\com.fasterxml.jackson.module\jackson-module-parameter-names\2.11.4\432e050d79f2282a66c320375d628f1b0842cb12\jackson-module-parameter-names-2.11.4.jar;C:\Users\geetha\.gradle\caches\modules-2\files-2.1\com.fasterxml.jackson.core\jackson-databind\2.11.4\5d9f3d441f99d721b957e3497f0a6465c764fad4\jackson-databind-2.11.4.jar;C:\Users\geetha\.gradle\caches\modules-2\files-2.1\com.fasterxml.jackson.core\jackson-core\2.11.4\593f7b18bab07a76767f181e2a23361
Launcher Type: SUN_STANDARD

[Global flags]
     intx CICompilerCount                          = 3                                         {product} {ergonomic}
     uint ConcGCThreads                            = 1                                         {product} {ergonomic}
     uint G1ConcRefinementThreads                  = 4                                         {product} {ergonomic}
   size_t G1HeapRegionSize                         = 1048576                                   {product} {ergonomic}
    uintx GCDrainStackTargetSize                   = 64                                        {product} {ergonomic}
   size_t InitialHeapSize                          = 132120576                                 {product} {ergonomic}
   size_t MarkStackSize                            = 4194304                                   {product} {ergonomic}
   size_t MaxHeapSize                              = 2113929216                                {product} {ergonomic}
   size_t MaxNewSize                               = 1267728384                                {product} {ergonomic}
   size_t MinHeapDeltaBytes                        = 1048576                                   {product} {ergonomic}
   size_t MinHeapSize                              = 8388608                                   {product} {ergonomic}
    uintx NonNMethodCodeHeapSize                   = 5832780                                {pd product} {ergonomic}
    uintx NonProfiledCodeHeapSize                  = 122912730                              {pd product} {ergonomic}
    uintx ProfiledCodeHeapSize                     = 122912730                              {pd product} {ergonomic}
    uintx ReservedCodeCacheSize                    = 251658240                              {pd product} {ergonomic}
     bool SegmentedCodeCache                       = true                                      {product} {ergonomic}
     bool ShowCodeDetailsInExceptionMessages       = true                                   {manageable} {command line}
   size_t SoftMaxHeapSize                          = 2113929216                             {manageable} {ergonomic}
     bool UseCompressedClassPointers               = true                                 {lp64_product} {ergonomic}
     bool UseCompressedOops                        = true                                 {lp64_product} {ergonomic}
     bool UseG1GC                                  = true                                      {product} {ergonomic}
     bool UseLargePagesIndividualAllocation        = false                                  {pd product} {ergonomic}

Logging:
Log output configuration:
 #0: stdout all=warning uptime,level,tags
 #1: stderr all=off uptime,level,tags

Environment Variables:
JAVA_HOME=C:\Program Files\Java\jdk1.8.0_211
CLASSPATH=.;
PATH=C:/Users/geetha/.p2/pool/plugins/org.eclipse.justj.openjdk.hotspot.jre.full.win32.x86_64_15.0.1.v20201027-0507/jre/bin/server;C:/Users/geetha/.p2/pool/plugins/org.eclipse.justj.openjdk.hotspot.jre.full.win32.x86_64_15.0.1.v20201027-0507/jre/bin;C:\Program Files (x86)\Common Files\Oracle\Java\javapath;C:\python\Python382\Scripts\;C:\python\Python382\;C:\Users\geetha\AppData\Local\Programs\Python\Python38\Scripts\;C:\Users\geetha\AppData\Local\Programs\Python\Python38\;C:\Users\geetha\AppData\Local\Programs\Python\Python38-32\Scripts\;C:\Users\geetha\AppData\Local\Programs\Python\Python38-32\;C:\Python38\Scripts\;C:\Python38\;C:\Program Files (x86)\Intel\iCLS Client\;C:\Program Files\Intel\iCLS Client\;C:\WINDOWS\system32;C:\WINDOWS;C:\WINDOWS\System32\Wbem;C:\WINDOWS\System32\WindowsPowerShell\v1.0\;C:\WINDOWS\System32\OpenSSH\;C:\Program Files\Java\jdk1.8.0_211\bin;C:\ProgramData\chocolatey\bin;C:\Program Files\Java\jdk1.8.0_211\bin;C:\Program Files\Microsoft VS Code\bin;C:\Program Files\Java\jdk1.8.0_271\bin;C:\Program Files\nodejs\;C:\Users\geetha\AppData\Local\Microsoft\WindowsApps;C:\tools\mysql\current\bin;;C:\Users\geetha\AppData\Local\Programs\Microsoft VS Code\bin;C:\Users\geetha\AppData\Roaming\npm;C:\WINDOWS\system32;
USERNAME=geetha
OS=Windows_NT
PROCESSOR_IDENTIFIER=Intel64 Family 6 Model 142 Stepping 9, GenuineIntel



---------------  S Y S T E M  ---------------

OS:
 Windows 10 , 64 bit Build 19041 (10.0.19041.804)
OS uptime: 0 days 4:15 hours

CPU: total 4 (initial active 4) (2 cores per cpu, 2 threads per core) family 6 model 142 stepping 9 microcode 0xde, cmov, cx8, fxsr, mmx, sse, sse2, sse3, ssse3, sse4.1, sse4.2, popcnt, vzeroupper, avx, avx2, aes, clmul, erms, rtm, 3dnowpref, lzcnt, ht, tsc, tscinvbit, bmi1, bmi2, adx, fma, clflush, clflushopt

Memory: 4k page, system-wide physical 8057M (192M free)
TotalPageFile size 10105M (AvailPageFile size 4M)
current process WorkingSet (physical memory assigned to process): 218M, peak: 222M
current process commit charge ("private bytes"): 245M, peak: 249M

vm_info: OpenJDK 64-Bit Server VM (15.0.1+9-18) for windows-amd64 JRE (15.0.1+9-18), built on Sep 15 2020 14:39:31 by "mach5one" with unknown MS VC++:1925

END.
